<?xml version="1.0" encoding="UTF-8"?>
<!-- Generated by org.testng.reporters.JUnitXMLReporter -->
<testsuite ignored="0" hostname="DESKTOP-OBHL48E" failures="2" tests="2" name="Login Error Validations" time="29.946" errors="0" timestamp="2025-02-13T23:45:25 PST">
  <testcase classname="selenuim_framework_design.LoginErrorValidation" name="loginErrorValidation" time="12.37">
    <failure type="java.lang.AssertionError" message="expected [Incorrect email password.] but found [Incorrect email or password.]">
      <![CDATA[java.lang.AssertionError: expected [Incorrect email password.] but found [Incorrect email or password.]
at selenuim_framework_design.LoginErrorValidation.loginErrorValidation(LoginErrorValidation.java:20)
at java.base/java.util.ArrayList.forEach(ArrayList.java:1596)
... Removed 31 stack frames]]>
    </failure>
  </testcase> <!-- loginErrorValidation -->
  <testcase classname="selenuim_framework_design.LoginErrorValidation" name="loginErrorValidation" time="15.033">
    <failure type="java.lang.AssertionError" message="expected [Incorrect email password.] but found [Incorrect email or password.]">
      <![CDATA[java.lang.AssertionError: expected [Incorrect email password.] but found [Incorrect email or password.]
at selenuim_framework_design.LoginErrorValidation.loginErrorValidation(LoginErrorValidation.java:20)
at java.base/java.util.ArrayList.forEach(ArrayList.java:1596)
... Removed 31 stack frames]]>
    </failure>
  </testcase> <!-- loginErrorValidation -->
</testsuite> <!-- Login Error Validations -->
