<?xml version="1.0" encoding="UTF-8"?>
<!-- Generated by org.testng.reporters.JUnitXMLReporter -->
<testsuite ignored="0" hostname="DESKTOP-OBHL48E" failures="2" tests="4" name="Login Error Validations" time="80.392" errors="0" timestamp="2025-02-15T01:04:29 PST">
  <testcase classname="selenuim_framework_design.LoginErrorValidation" name="loginErrorValidation" time="10.681">
    <skipped/>
  </testcase> <!-- loginErrorValidation -->
  <testcase classname="selenuim_framework_design.LoginErrorValidation" name="loginErrorValidation" time="13.056">
    <failure type="java.lang.AssertionError" message="expected [Incorrect email password.] but found [Incorrect email or password.]">
      <![CDATA[java.lang.AssertionError: expected [Incorrect email password.] but found [Incorrect email or password.]
at selenuim_framework_design.LoginErrorValidation.loginErrorValidation(LoginErrorValidation.java:22)
at java.base/java.util.ArrayList.forEach(ArrayList.java:1596)
... Removed 35 stack frames]]>
    </failure>
  </testcase> <!-- loginErrorValidation -->
  <testcase classname="selenuim_framework_design.LoginErrorValidation" name="loginErrorValidation" time="23.556">
    <skipped/>
  </testcase> <!-- loginErrorValidation -->
  <testcase classname="selenuim_framework_design.LoginErrorValidation" name="loginErrorValidation" time="20.135">
    <failure type="java.lang.AssertionError" message="expected [Incorrect email password.] but found [Incorrect email or password.]">
      <![CDATA[java.lang.AssertionError: expected [Incorrect email password.] but found [Incorrect email or password.]
at selenuim_framework_design.LoginErrorValidation.loginErrorValidation(LoginErrorValidation.java:22)
at java.base/java.util.ArrayList.forEach(ArrayList.java:1596)
... Removed 35 stack frames]]>
    </failure>
  </testcase> <!-- loginErrorValidation -->
</testsuite> <!-- Login Error Validations -->
